<?xml version="1.0" encoding="UTF-8"?>
<!-- Generated by org.testng.reporters.JUnitReportReporter -->
<testsuite hostname="DESKTOP-FQ8B5OB" failures="0" tests="3" name="testrunner.SmartSenseRunner" time="110.464" errors="0" timestamp="2024-06-25T18:24:49 IST" skipped="0">
  <testcase classname="testrunner.SmartSenseRunner" name="runScenario" time="38.302"/>
  <system-out/>
  <testcase classname="testrunner.SmartSenseRunner" name="runScenario" time="63.878"/>
  <system-out/>
  <testcase classname="testrunner.SmartSenseRunner" name="runScenario" time="8.284"/>
  <system-out/>
</testsuite> <!-- testrunner.SmartSenseRunner -->
